# JRE version: OpenJDK Runtime Environment (17.0.7) (build 17.0.7+0-b2043.56-10550314)
# Java VM: OpenJDK 64-Bit Server VM (17.0.7+0-b2043.56-10550314, mixed mode, tiered, compressed oops, compressed class ptrs, g1 gc, windows-amd64)
GC Precious Log:
 CPUs: 12 total, 12 available
 Memory: 7579M
 Large Page Support: Disabled
 NUMA Support: Disabled
 Compressed Oops: Enabled (32-bit)
 Heap Region Size: 1M
 Heap Min Capacity: 8M
 Heap Initial Capacity: 120M
 Heap Max Capacity: 2G
 Pre-touch: Disabled
 Parallel Workers: 10
 Concurrent Workers: 3
 Concurrent Refinement Workers: 10
 Periodic GC: Disabled
Heap:
 garbage-first heap   total 147456K, used 92058K [0x0000000080000000, 0x0000000100000000)
  region size 1024K, 1 young (1024K), 1 survivors (1024K)
 Metaspace       used 86075K, committed 86912K, reserved 557056K
  class space    used 12028K, committed 12352K, reserved 425984K
GC Heap History (20 events):
Event: 12.611 GC heap after
{Heap after GC invocations=25 (full 0):
 garbage-first heap   total 100352K, used 59355K [0x0000000080000000, 0x0000000100000000)
  region size 1024K, 4 young (4096K), 4 survivors (4096K)
 Metaspace       used 67592K, committed 68224K, reserved 491520K
  class space    used 9257K, committed 9536K, reserved 425984K
}
Event: 13.001 GC heap before
{Heap before GC invocations=25 (full 0):
 garbage-first heap   total 100352K, used 80859K [0x0000000080000000, 0x0000000100000000)
  region size 1024K, 26 young (26624K), 4 survivors (4096K)
 Metaspace       used 69943K, committed 70528K, reserved 491520K
  class space    used 9656K, committed 9920K, reserved 425984K
}
Event: 13.006 GC heap after
{Heap after GC invocations=26 (full 0):
 garbage-first heap   total 100352K, used 60657K [0x0000000080000000, 0x0000000100000000)
  region size 1024K, 2 young (2048K), 2 survivors (2048K)
 Metaspace       used 69943K, committed 70528K, reserved 491520K
  class space    used 9656K, committed 9920K, reserved 425984K
}
Event: 13.331 GC heap before
{Heap before GC invocations=27 (full 0):
 garbage-first heap   total 114688K, used 86257K [0x0000000080000000, 0x0000000100000000)
  region size 1024K, 24 young (24576K), 2 survivors (2048K)
 Metaspace       used 71566K, committed 72192K, reserved 491520K
  class space    used 9873K, committed 10176K, reserved 425984K
}
Event: 13.333 GC heap after
{Heap after GC invocations=28 (full 0):
 garbage-first heap   total 114688K, used 65631K [0x0000000080000000, 0x0000000100000000)
  region size 1024K, 3 young (3072K), 3 survivors (3072K)
 Metaspace       used 71566K, committed 72192K, reserved 491520K
  class space    used 9873K, committed 10176K, reserved 425984K
}
Event: 13.609 GC heap before
{Heap before GC invocations=28 (full 0):
 garbage-first heap   total 114688K, used 92255K [0x0000000080000000, 0x0000000100000000)
  region size 1024K, 29 young (29696K), 3 survivors (3072K)
 Metaspace       used 73972K, committed 74624K, reserved 491520K
  class space    used 10225K, committed 10496K, reserved 425984K
}
Event: 13.611 GC heap after
{Heap after GC invocations=29 (full 0):
 garbage-first heap   total 138240K, used 66604K [0x0000000080000000, 0x0000000100000000)
  region size 1024K, 3 young (3072K), 3 survivors (3072K)
 Metaspace       used 73972K, committed 74624K, reserved 491520K
  class space    used 10225K, committed 10496K, reserved 425984K
}
Event: 14.000 GC heap before
{Heap before GC invocations=30 (full 0):
 garbage-first heap   total 138240K, used 105516K [0x0000000080000000, 0x0000000100000000)
  region size 1024K, 42 young (43008K), 3 survivors (3072K)
 Metaspace       used 77623K, committed 78336K, reserved 557056K
  class space    used 10744K, committed 11072K, reserved 425984K
}
Event: 14.004 GC heap after
{Heap after GC invocations=31 (full 0):
 garbage-first heap   total 138240K, used 68619K [0x0000000080000000, 0x0000000100000000)
  region size 1024K, 5 young (5120K), 5 survivors (5120K)
 Metaspace       used 77623K, committed 78336K, reserved 557056K
  class space    used 10744K, committed 11072K, reserved 425984K
}
Event: 14.447 GC heap before
{Heap before GC invocations=31 (full 0):
 garbage-first heap   total 138240K, used 108555K [0x0000000080000000, 0x0000000100000000)
  region size 1024K, 44 young (45056K), 5 survivors (5120K)
 Metaspace       used 79839K, committed 80512K, reserved 557056K
  class space    used 11100K, committed 11392K, reserved 425984K
}
Event: 14.453 GC heap after
{Heap after GC invocations=32 (full 0):
 garbage-first heap   total 138240K, used 71634K [0x0000000080000000, 0x0000000100000000)
  region size 1024K, 6 young (6144K), 6 survivors (6144K)
 Metaspace       used 79839K, committed 80512K, reserved 557056K
  class space    used 11100K, committed 11392K, reserved 425984K
}
Event: 15.163 GC heap before
{Heap before GC invocations=33 (full 0):
 garbage-first heap   total 138240K, used 110546K [0x0000000080000000, 0x0000000100000000)
  region size 1024K, 44 young (45056K), 6 survivors (6144K)
 Metaspace       used 82533K, committed 83264K, reserved 557056K
  class space    used 11521K, committed 11840K, reserved 425984K
}
Event: 15.171 GC heap after
{Heap after GC invocations=34 (full 0):
 garbage-first heap   total 138240K, used 75145K [0x0000000080000000, 0x0000000100000000)
  region size 1024K, 6 young (6144K), 6 survivors (6144K)
 Metaspace       used 82533K, committed 83264K, reserved 557056K
  class space    used 11521K, committed 11840K, reserved 425984K
}
Event: 15.692 GC heap before
{Heap before GC invocations=34 (full 0):
 garbage-first heap   total 138240K, used 110985K [0x0000000080000000, 0x0000000100000000)
  region size 1024K, 42 young (43008K), 6 survivors (6144K)
 Metaspace       used 83996K, committed 84800K, reserved 557056K
  class space    used 11761K, committed 12096K, reserved 425984K
}
Event: 15.702 GC heap after
{Heap after GC invocations=35 (full 0):
 garbage-first heap   total 138240K, used 79758K [0x0000000080000000, 0x0000000100000000)
  region size 1024K, 5 young (5120K), 5 survivors (5120K)
 Metaspace       used 83996K, committed 84800K, reserved 557056K
  class space    used 11761K, committed 12096K, reserved 425984K
}
Event: 15.831 GC heap before
{Heap before GC invocations=36 (full 0):
 garbage-first heap   total 143360K, used 88974K [0x0000000080000000, 0x0000000100000000)
  region size 1024K, 16 young (16384K), 5 survivors (5120K)
 Metaspace       used 84108K, committed 84864K, reserved 557056K
  class space    used 11767K, committed 12096K, reserved 425984K
}
Event: 15.835 GC heap after
{Heap after GC invocations=37 (full 0):
 garbage-first heap   total 143360K, used 80648K [0x0000000080000000, 0x0000000100000000)
  region size 1024K, 2 young (2048K), 2 survivors (2048K)
 Metaspace       used 84108K, committed 84864K, reserved 557056K
  class space    used 11767K, committed 12096K, reserved 425984K
}
Event: 16.256 GC heap before
{Heap before GC invocations=38 (full 0):
 garbage-first heap   total 147456K, used 120584K [0x0000000080000000, 0x0000000100000000)
  region size 1024K, 37 young (37888K), 2 survivors (2048K)
 Metaspace       used 85933K, committed 86784K, reserved 557056K
  class space    used 12004K, committed 12352K, reserved 425984K
}
Event: 16.261 GC heap after
{Heap after GC invocations=39 (full 0):
 garbage-first heap   total 147456K, used 91882K [0x0000000080000000, 0x0000000100000000)
  region size 1024K, 5 young (5120K), 5 survivors (5120K)
 Metaspace       used 85933K, committed 86784K, reserved 557056K
  class space    used 12004K, committed 12352K, reserved 425984K
}
Event: 16.290 GC heap before
{Heap before GC invocations=39 (full 0):
 garbage-first heap   total 147456K, used 93930K [0x0000000080000000, 0x0000000100000000)
  region size 1024K, 7 young (7168K), 5 survivors (5120K)
 Metaspace       used 86075K, committed 86912K, reserved 557056K
  class space    used 12028K, committed 12352K, reserved 425984K
}

